  Functions.cpp
E:\exe Cpp\Likes\Noti.p_WinApi_Cpp\Noti.p_WinApi_Cpp\Functions.cpp(239,39): error C2589: '(': illegal token on right side of '::'
E:\exe Cpp\Likes\Noti.p_WinApi_Cpp\Noti.p_WinApi_Cpp\Functions.cpp(239,39): error C2143: syntax error: missing ';' before ')'
E:\exe Cpp\Likes\Noti.p_WinApi_Cpp\Noti.p_WinApi_Cpp\Functions.cpp(239,66): error C2143: syntax error: missing ')' before '--'
E:\exe Cpp\Likes\Noti.p_WinApi_Cpp\Noti.p_WinApi_Cpp\Functions.cpp(239,60): warning C4552: '>=': result of expression not used
E:\exe Cpp\Likes\Noti.p_WinApi_Cpp\Noti.p_WinApi_Cpp\Functions.cpp(239,64): error C2059: syntax error: ';'
E:\exe Cpp\Likes\Noti.p_WinApi_Cpp\Noti.p_WinApi_Cpp\Functions.cpp(239,69): error C2059: syntax error: ')'
E:\exe Cpp\Likes\Noti.p_WinApi_Cpp\Noti.p_WinApi_Cpp\Functions.cpp(240,25): error C2059: syntax error: 'if'
E:\exe Cpp\Likes\Noti.p_WinApi_Cpp\Noti.p_WinApi_Cpp\Functions.cpp(241,29): error C2065: 'j': undeclared identifier
E:\exe Cpp\Likes\Noti.p_WinApi_Cpp\Noti.p_WinApi_Cpp\Functions.cpp(241,47): error C2065: 'j': undeclared identifier
E:\exe Cpp\Likes\Noti.p_WinApi_Cpp\Noti.p_WinApi_Cpp\Functions.cpp(241,52): error C7732: expected an expression before ']'
E:\exe Cpp\Likes\Noti.p_WinApi_Cpp\Noti.p_WinApi_Cpp\Functions.cpp(241,62): error C2065: 'j': undeclared identifier
E:\exe Cpp\Likes\Noti.p_WinApi_Cpp\Noti.p_WinApi_Cpp\Functions.cpp(246,32): error C2065: 'i': undeclared identifier
E:\exe Cpp\Likes\Noti.p_WinApi_Cpp\Noti.p_WinApi_Cpp\Functions.cpp(254,9): error C2046: illegal case
E:\exe Cpp\Likes\Noti.p_WinApi_Cpp\Noti.p_WinApi_Cpp\Functions.cpp(269,9): error C2046: illegal case
E:\exe Cpp\Likes\Noti.p_WinApi_Cpp\Noti.p_WinApi_Cpp\Functions.cpp(266,17): error C2043: illegal break
E:\exe Cpp\Likes\Noti.p_WinApi_Cpp\Noti.p_WinApi_Cpp\Functions.cpp(283,17): error C2043: illegal break
E:\exe Cpp\Likes\Noti.p_WinApi_Cpp\Noti.p_WinApi_Cpp\Functions.cpp(290,5): error C2059: syntax error: 'else'
E:\exe Cpp\Likes\Noti.p_WinApi_Cpp\Noti.p_WinApi_Cpp\Functions.cpp(290,10): error C2143: syntax error: missing ';' before '{'
E:\exe Cpp\Likes\Noti.p_WinApi_Cpp\Noti.p_WinApi_Cpp\Functions.cpp(290,10): error C2447: '{': missing function header (old-style formal list?)
E:\exe Cpp\Likes\Noti.p_WinApi_Cpp\Noti.p_WinApi_Cpp\Functions.cpp(372,1): error C2059: syntax error: '}'
E:\exe Cpp\Likes\Noti.p_WinApi_Cpp\Noti.p_WinApi_Cpp\Functions.cpp(372,1): error C2143: syntax error: missing ';' before '}'
